<?xml version="1.0" encoding="UTF-8"?>
<!-- Generated by org.testng.reporters.JUnitReportReporter -->
<testsuite hostname="DESKTOP-CCFUMFS" failures="0" tests="2" name="testdep.dm" time="0.050" errors="0" timestamp="2023-12-08T20:17:57 IST" skipped="0">
  <testcase classname="testdep.dm" name="visiting" time="0.042"/>
  <system-out/>
  <testcase classname="testdep.dm" name="login" time="0.008"/>
  <system-out/>
</testsuite> <!-- testdep.dm -->
