<?xml version="1.0" encoding="UTF-8"?>
<!-- Generated by org.testng.reporters.JUnitReportReporter -->
<testsuite hostname="DESKTOP-CCFUMFS" failures="0" tests="1" name="extnrpt.e1" time="11.413" errors="0" timestamp="2023-12-26T20:23:42 IST" skipped="0">
  <testcase classname="extnrpt.e1" name="extentReportsDemo" time="11.413"/>
  <system-out/>
</testsuite> <!-- extnrpt.e1 -->
