<?xml version="1.0" encoding="UTF-8"?>
<!-- Generated by org.testng.reporters.JUnitReportReporter -->
<testsuite hostname="DESKTOP-CCFUMFS" failures="0" tests="2" name="testanot.ano" time="8.339" errors="0" timestamp="2023-12-12T20:37:49 IST" skipped="0">
  <testcase classname="testanot.ano" name="t1" time="2.472"/>
  <system-out/>
  <testcase classname="testanot.ano" name="t2" time="5.867"/>
  <system-out/>
</testsuite> <!-- testanot.ano -->
