<?xml version="1.0" encoding="UTF-8"?>
<!-- Generated by org.testng.reporters.JUnitReportReporter -->
<testsuite hostname="DESKTOP-CCFUMFS" failures="0" tests="3" name="testdatpro.d1" time="35.169" errors="0" timestamp="2023-12-18T20:44:55 IST" skipped="0">
  <testcase classname="testdatpro.d1" name="DataProvSampleTest" time="9.257"/>
  <system-out/>
  <testcase classname="testdatpro.d1" name="DataProvSampleTest" time="9.110"/>
  <system-out/>
  <testcase classname="testdatpro.d1" name="DataProvSampleTest" time="16.802"/>
  <system-out/>
</testsuite> <!-- testdatpro.d1 -->
