<?xml version="1.0" encoding="UTF-8"?>
<!-- Generated by org.testng.reporters.JUnitReportReporter -->
<testsuite hostname="DESKTOP-CCFUMFS" failures="0" tests="1" name="testasser.ass" time="8.507" errors="0" timestamp="2023-12-13T20:22:20 IST" skipped="0">
  <testcase classname="testasser.ass" name="hs" time="8.507"/>
  <system-out/>
</testsuite> <!-- testasser.ass -->
