<?xml version="1.0" encoding="UTF-8"?>
<!-- Generated by org.testng.reporters.JUnitReportReporter -->
<testsuite hostname="DESKTOP-CCFUMFS" failures="0" tests="1" name="exc.f2" time="2.859" errors="0" timestamp="2024-01-31T22:20:35 IST" skipped="0">
  <testcase classname="exc.f2" name="t1" time="2.859"/>
  <system-out/>
</testsuite> <!-- exc.f2 -->
