<?xml version="1.0" encoding="UTF-8"?>
<!-- Generated by org.testng.reporters.JUnitReportReporter -->
<testsuite hostname="DESKTOP-CCFUMFS" failures="0" tests="4" name="testdep.dg" time="0.063" errors="0" timestamp="2023-12-08T20:24:04 IST" skipped="0">
  <testcase classname="testdep.dg" name="m1" time="0.024"/>
  <system-out/>
  <testcase classname="testdep.dg" name="m2" time="0.017"/>
  <system-out/>
  <testcase classname="testdep.dg" name="m3" time="0.016"/>
  <system-out/>
  <testcase classname="testdep.dg" name="m4" time="0.006"/>
  <system-out/>
</testsuite> <!-- testdep.dg -->
