<?xml version="1.0" encoding="UTF-8"?>
<!-- Generated by org.testng.reporters.JUnitReportReporter -->
<testsuite hostname="DESKTOP-CCFUMFS" failures="0" tests="6" name="testdep.re" time="16.666" errors="0" timestamp="2023-12-12T20:57:42 IST" skipped="0">
  <testcase classname="testdep.re" name="visiting" time="8.382"/>
  <system-out/>
  <testcase classname="testdep.re" name="max" time="0.298"/>
  <system-out/>
  <testcase classname="testdep.re" name="refresh" time="1.828"/>
  <system-out/>
  <testcase classname="testdep.re" name="refresh" time="1.331"/>
  <system-out/>
  <testcase classname="testdep.re" name="clicking" time="2.322"/>
  <system-out/>
  <testcase classname="testdep.re" name="quit" time="2.505"/>
  <system-out/>
</testsuite> <!-- testdep.re -->
